 backend Pulling 
 c95640bb37f6 Pulling fs layer 
 6ec7f4e699d7 Pulling fs layer 
 4b6b2afbcb1e Pulling fs layer 
 6dc8148c4b61 Pulling fs layer 
 91af73cfb28f Pulling fs layer 
 b6f5e3b9dbcf Pulling fs layer 
 7a6c8d51abdb Pulling fs layer 
 01de82d651a8 Pulling fs layer 
 91af73cfb28f Waiting 
 b6f5e3b9dbcf Waiting 
 7a6c8d51abdb Waiting 
 01de82d651a8 Waiting 
 6dc8148c4b61 Waiting 
 4b6b2afbcb1e Downloading [>                                                  ]  129.1kB/12.11MB
 4b6b2afbcb1e Downloading [=>                                                 ]  260.1kB/12.11MB
 4b6b2afbcb1e Downloading [=>                                                 ]  391.2kB/12.11MB
 4b6b2afbcb1e Downloading [==>                                                ]  522.3kB/12.11MB
 4b6b2afbcb1e Downloading [==>                                                ]  653.4kB/12.11MB
 c95640bb37f6 Downloading  540.7kB
 c95640bb37f6 Downloading  1.079MB
 c95640bb37f6 Downloading  1.619MB
 c95640bb37f6 Downloading  2.155MB
 c95640bb37f6 Downloading  2.696MB
 c95640bb37f6 Downloading  3.236MB
 c95640bb37f6 Downloading  3.777MB
 c95640bb37f6 Downloading  4.317MB
 c95640bb37f6 Downloading  4.858MB
 c95640bb37f6 Downloading  5.399MB
 c95640bb37f6 Downloading  5.937MB
 c95640bb37f6 Downloading  6.475MB
 c95640bb37f6 Downloading  7.015MB
 c95640bb37f6 Downloading  7.553MB
 c95640bb37f6 Downloading  8.091MB
 c95640bb37f6 Downloading  8.629MB
 c95640bb37f6 Downloading   9.17MB
 c95640bb37f6 Downloading  9.708MB
 c95640bb37f6 Downloading  10.25MB
 c95640bb37f6 Downloading  10.78MB
 c95640bb37f6 Downloading  11.32MB
 c95640bb37f6 Downloading  11.86MB
 c95640bb37f6 Downloading   12.4MB
 c95640bb37f6 Downloading  12.94MB
 4b6b2afbcb1e Downloading [===>                                               ]  781.3kB/12.11MB
 c95640bb37f6 Downloading  13.49MB
 c95640bb37f6 Downloading  14.03MB
 c95640bb37f6 Downloading  14.56MB
 c95640bb37f6 Downloading   15.1MB
 c95640bb37f6 Downloading  16.18MB
 c95640bb37f6 Downloading  17.26MB
 c95640bb37f6 Downloading  18.35MB
 c95640bb37f6 Downloading  19.43MB
 c95640bb37f6 Downloading  20.51MB
 c95640bb37f6 Downloading  21.59MB
 c95640bb37f6 Downloading  22.67MB
 c95640bb37f6 Downloading  23.75MB
 c95640bb37f6 Downloading  24.83MB
 c95640bb37f6 Downloading   25.9MB
 c95640bb37f6 Downloading  26.98MB
 c95640bb37f6 Downloading  28.07MB
 c95640bb37f6 Downloading  29.14MB
 c95640bb37f6 Downloading  30.22MB
 c95640bb37f6 Download complete 
 c95640bb37f6 Extracting  557.1kB
 c95640bb37f6 Extracting  5.571MB
 c95640bb37f6 Extracting  10.58MB
 c95640bb37f6 Extracting  12.81MB
 c95640bb37f6 Extracting  21.17MB
 c95640bb37f6 Extracting  26.74MB
 c95640bb37f6 Extracting   27.3MB
 c95640bb37f6 Extracting  29.52MB
 c95640bb37f6 Extracting  30.08MB
 c95640bb37f6 Extracting  30.79MB
 c95640bb37f6 Pull complete 
 6dc8148c4b61 Downloading [==================================================>]     249B/249B
 6dc8148c4b61 Downloading [==================================================>]     249B/249B
 6dc8148c4b61 Verifying Checksum 
 6dc8148c4b61 Download complete 
 4b6b2afbcb1e Downloading [===>                                               ]  912.4kB/12.11MB
 91af73cfb28f Downloading [==================================================>]      93B/93B
 91af73cfb28f Verifying Checksum 
 91af73cfb28f Download complete 
 4b6b2afbcb1e Downloading [====>                                              ]  1.043MB/12.11MB
 4b6b2afbcb1e Downloading [====>                                              ]  1.175MB/12.11MB
 4b6b2afbcb1e Downloading [=====>                                             ]  1.306MB/12.11MB
 4b6b2afbcb1e Downloading [=====>                                             ]  1.437MB/12.11MB
 4b6b2afbcb1e Downloading [======>                                            ]  1.568MB/12.11MB
 4b6b2afbcb1e Downloading [=======>                                           ]  1.699MB/12.11MB
 4b6b2afbcb1e Downloading [=======>                                           ]   1.83MB/12.11MB
 4b6b2afbcb1e Downloading [========>                                          ]  1.961MB/12.11MB
 4b6b2afbcb1e Downloading [========>                                          ]  2.092MB/12.11MB
 4b6b2afbcb1e Downloading [=========>                                         ]  2.223MB/12.11MB
 4b6b2afbcb1e Downloading [=========>                                         ]  2.354MB/12.11MB
 4b6b2afbcb1e Downloading [==========>                                        ]  2.485MB/12.11MB
 4b6b2afbcb1e Downloading [==========>                                        ]  2.616MB/12.11MB
 4b6b2afbcb1e Downloading [===========>                                       ]  2.747MB/12.11MB
 4b6b2afbcb1e Downloading [===========>                                       ]  2.878MB/12.11MB
 b6f5e3b9dbcf Downloading [>                                                  ]  260.8kB/24.91MB
 4b6b2afbcb1e Downloading [============>                                      ]   3.01MB/12.11MB
 4b6b2afbcb1e Downloading [============>                                      ]  3.141MB/12.11MB
 4b6b2afbcb1e Downloading [=============>                                     ]  3.272MB/12.11MB
 4b6b2afbcb1e Downloading [==============>                                    ]  3.403MB/12.11MB
 4b6b2afbcb1e Downloading [==============>                                    ]  3.534MB/12.11MB
 4b6b2afbcb1e Downloading [===============>                                   ]  3.665MB/12.11MB
 4b6b2afbcb1e Downloading [===============>                                   ]  3.796MB/12.11MB
 4b6b2afbcb1e Downloading [================>                                  ]  3.927MB/12.11MB
 4b6b2afbcb1e Downloading [================>                                  ]  4.058MB/12.11MB
 4b6b2afbcb1e Downloading [=================>                                 ]  4.189MB/12.11MB
 4b6b2afbcb1e Downloading [=================>                                 ]   4.32MB/12.11MB
 4b6b2afbcb1e Downloading [==================>                                ]  4.451MB/12.11MB
 4b6b2afbcb1e Downloading [==================>                                ]  4.582MB/12.11MB
 4b6b2afbcb1e Downloading [===================>                               ]  4.713MB/12.11MB
 4b6b2afbcb1e Downloading [===================>                               ]  4.844MB/12.11MB
 b6f5e3b9dbcf Downloading [=>                                                 ]    523kB/24.91MB
 4b6b2afbcb1e Downloading [====================>                              ]  4.975MB/12.11MB
 4b6b2afbcb1e Downloading [=====================>                             ]  5.106MB/12.11MB
 4b6b2afbcb1e Downloading [=====================>                             ]  5.237MB/12.11MB
 4b6b2afbcb1e Downloading [======================>                            ]  5.368MB/12.11MB
 4b6b2afbcb1e Downloading [======================>                            ]  5.499MB/12.11MB
 4b6b2afbcb1e Downloading [=======================>                           ]  5.631MB/12.11MB
 4b6b2afbcb1e Downloading [=======================>                           ]  5.759MB/12.11MB
 6ec7f4e699d7 Downloading  540.7kB
 4b6b2afbcb1e Downloading [========================>                          ]   5.89MB/12.11MB
 4b6b2afbcb1e Downloading [========================>                          ]  6.021MB/12.11MB
 4b6b2afbcb1e Downloading [=========================>                         ]  6.146MB/12.11MB
 4b6b2afbcb1e Downloading [=========================>                         ]  6.277MB/12.11MB
 4b6b2afbcb1e Downloading [==========================>                        ]  6.408MB/12.11MB
 4b6b2afbcb1e Downloading [==========================>                        ]  6.539MB/12.11MB
 4b6b2afbcb1e Downloading [===========================>                       ]   6.67MB/12.11MB
 4b6b2afbcb1e Downloading [============================>                      ]  6.801MB/12.11MB
 4b6b2afbcb1e Downloading [============================>                      ]  6.932MB/12.11MB
 4b6b2afbcb1e Downloading [=============================>                     ]  7.063MB/12.11MB
 4b6b2afbcb1e Downloading [=============================>                     ]  7.194MB/12.11MB
 4b6b2afbcb1e Downloading [==============================>                    ]  7.325MB/12.11MB
 4b6b2afbcb1e Downloading [==============================>                    ]  7.456MB/12.11MB
 4b6b2afbcb1e Downloading [===============================>                   ]  7.588MB/12.11MB
 4b6b2afbcb1e Downloading [===============================>                   ]  7.719MB/12.11MB
 4b6b2afbcb1e Downloading [================================>                  ]   7.85MB/12.11MB
 4b6b2afbcb1e Downloading [================================>                  ]  7.981MB/12.11MB
 4b6b2afbcb1e Downloading [=================================>                 ]  8.106MB/12.11MB
 4b6b2afbcb1e Downloading [==================================>                ]  8.238MB/12.11MB
 4b6b2afbcb1e Downloading [==================================>                ]  8.369MB/12.11MB
 4b6b2afbcb1e Downloading [===================================>               ]    8.5MB/12.11MB
 4b6b2afbcb1e Downloading [===================================>               ]  8.631MB/12.11MB
 4b6b2afbcb1e Downloading [====================================>              ]  8.762MB/12.11MB
 4b6b2afbcb1e Downloading [====================================>              ]  8.893MB/12.11MB
 4b6b2afbcb1e Downloading [=====================================>             ]  9.024MB/12.11MB
 4b6b2afbcb1e Downloading [=====================================>             ]  9.155MB/12.11MB
 4b6b2afbcb1e Downloading [======================================>            ]  9.286MB/12.11MB
 4b6b2afbcb1e Downloading [======================================>            ]  9.417MB/12.11MB
 4b6b2afbcb1e Downloading [=======================================>           ]  9.548MB/12.11MB
 4b6b2afbcb1e Downloading [=======================================>           ]  9.679MB/12.11MB
 4b6b2afbcb1e Downloading [========================================>          ]   9.81MB/12.11MB
 b6f5e3b9dbcf Downloading [=>                                                 ]  785.1kB/24.91MB
 4b6b2afbcb1e Downloading [=========================================>         ]  9.942MB/12.11MB
 4b6b2afbcb1e Downloading [=========================================>         ]  10.07MB/12.11MB
 4b6b2afbcb1e Downloading [==========================================>        ]   10.2MB/12.11MB
 4b6b2afbcb1e Downloading [==========================================>        ]  10.33MB/12.11MB
 4b6b2afbcb1e Downloading [===========================================>       ]  10.47MB/12.11MB
 4b6b2afbcb1e Downloading [==================================================>]  12.11MB/12.11MB
 4b6b2afbcb1e Retrying in 5 seconds 
 4b6b2afbcb1e Retrying in 4 seconds 
 4b6b2afbcb1e Retrying in 3 seconds 
 4b6b2afbcb1e Retrying in 2 seconds 
 4b6b2afbcb1e Retrying in 1 second 
 4b6b2afbcb1e Downloading [>                                                  ]   31.6kB/1.627MB
 4b6b2afbcb1e Downloading [=>                                                 ]  47.99kB/1.627MB
 4b6b2afbcb1e Downloading [=>                                                 ]  64.37kB/1.627MB
 4b6b2afbcb1e Downloading [==>                                                ]  80.75kB/1.627MB
 4b6b2afbcb1e Downloading [==>                                                ]  97.14kB/1.627MB
 4b6b2afbcb1e Downloading [===>                                               ]  113.5kB/1.627MB
 4b6b2afbcb1e Downloading [===>                                               ]  129.9kB/1.627MB
 4b6b2afbcb1e Downloading [====>                                              ]  146.3kB/1.627MB
 4b6b2afbcb1e Downloading [====>                                              ]  162.7kB/1.627MB
 4b6b2afbcb1e Downloading [=====>                                             ]  179.1kB/1.627MB
 4b6b2afbcb1e Downloading [======>                                            ]  195.4kB/1.627MB
 4b6b2afbcb1e Downloading [======>                                            ]  211.8kB/1.627MB
 4b6b2afbcb1e Downloading [=======>                                           ]  228.2kB/1.627MB
 4b6b2afbcb1e Downloading [=======>                                           ]  244.6kB/1.627MB
 4b6b2afbcb1e Downloading [========>                                          ]    261kB/1.627MB
 4b6b2afbcb1e Downloading [========>                                          ]  277.4kB/1.627MB
 4b6b2afbcb1e Downloading [=========>                                         ]  293.7kB/1.627MB
 b6f5e3b9dbcf Downloading [==>                                                ]  1.047MB/24.91MB
 4b6b2afbcb1e Downloading [=========>                                         ]  310.1kB/1.627MB
 4b6b2afbcb1e Downloading [==========>                                        ]  326.5kB/1.627MB
 4b6b2afbcb1e Downloading [===========>                                       ]  359.3kB/1.627MB
 4b6b2afbcb1e Downloading [===========>                                       ]  375.7kB/1.627MB
 4b6b2afbcb1e Downloading [============>                                      ]  392.1kB/1.627MB
 4b6b2afbcb1e Downloading [============>                                      ]  408.4kB/1.627MB
 4b6b2afbcb1e Downloading [=============>                                     ]  424.8kB/1.627MB
 4b6b2afbcb1e Downloading [=============>                                     ]  441.2kB/1.627MB
 4b6b2afbcb1e Downloading [==============>                                    ]    474kB/1.627MB
 4b6b2afbcb1e Downloading [===============>                                   ]  490.4kB/1.627MB
 4b6b2afbcb1e Downloading [===============>                                   ]  506.7kB/1.627MB
 4b6b2afbcb1e Downloading [================>                                  ]  523.1kB/1.627MB
 4b6b2afbcb1e Downloading [=================>                                 ]  555.9kB/1.627MB
 4b6b2afbcb1e Downloading [=================>                                 ]  572.3kB/1.627MB
 4b6b2afbcb1e Downloading [==================>                                ]  588.7kB/1.627MB
 4b6b2afbcb1e Downloading [==================>                                ]    605kB/1.627MB
 b6f5e3b9dbcf Downloading [==================================================>]  24.91MB/24.91MB
 b6f5e3b9dbcf Retrying in 5 seconds 
 4b6b2afbcb1e Downloading [===================>                               ]  621.4kB/1.627MB
 b6f5e3b9dbcf Retrying in 4 seconds 
 b6f5e3b9dbcf Retrying in 3 seconds 
 4b6b2afbcb1e Downloading [===================>                               ]  637.8kB/1.627MB
 b6f5e3b9dbcf Retrying in 2 seconds 
 4b6b2afbcb1e Downloading [====================>                              ]  654.2kB/1.627MB
 4b6b2afbcb1e Downloading [====================>                              ]  670.6kB/1.627MB
 b6f5e3b9dbcf Retrying in 1 second 
 4b6b2afbcb1e Downloading [=====================>                             ]    687kB/1.627MB
 4b6b2afbcb1e Downloading [=====================>                             ]  703.3kB/1.627MB
 4b6b2afbcb1e Downloading [======================>                            ]  736.1kB/1.627MB
 4b6b2afbcb1e Downloading [=======================>                           ]  752.5kB/1.627MB
 4b6b2afbcb1e Downloading [=======================>                           ]  768.9kB/1.627MB
 4b6b2afbcb1e Downloading [========================>                          ]  785.3kB/1.627MB
 4b6b2afbcb1e Downloading [=========================>                         ]  816.6kB/1.627MB
 4b6b2afbcb1e Downloading [=========================>                         ]    833kB/1.627MB
 4b6b2afbcb1e Downloading [==========================>                        ]  849.3kB/1.627MB
 4b6b2afbcb1e Downloading [==========================>                        ]  865.7kB/1.627MB
 4b6b2afbcb1e Downloading [===========================>                       ]  882.1kB/1.627MB
 4b6b2afbcb1e Downloading [===========================>                       ]  898.5kB/1.627MB
 4b6b2afbcb1e Downloading [============================>                      ]  914.9kB/1.627MB
 4b6b2afbcb1e Downloading [============================>                      ]  931.3kB/1.627MB
 4b6b2afbcb1e Downloading [=============================>                     ]    964kB/1.627MB
 4b6b2afbcb1e Downloading [==============================>                    ]  980.4kB/1.627MB
 b6f5e3b9dbcf Downloading [>                                                  ]  245.8kB/23.76MB
 4b6b2afbcb1e Downloading [==============================>                    ]  996.8kB/1.627MB
 b6f5e3b9dbcf Downloading [=>                                                 ]  491.5kB/23.76MB
 4b6b2afbcb1e Downloading [===============================>                   ]  1.013MB/1.627MB
 4b6b2afbcb1e Downloading [================================>                  ]  1.046MB/1.627MB
 4b6b2afbcb1e Downloading [================================>                  ]  1.062MB/1.627MB
 4b6b2afbcb1e Downloading [=================================>                 ]  1.079MB/1.627MB
 4b6b2afbcb1e Downloading [=================================>                 ]  1.095MB/1.627MB
 b6f5e3b9dbcf Downloading [=>                                                 ]  737.3kB/23.76MB
 4b6b2afbcb1e Downloading [==================================>                ]  1.111MB/1.627MB
 4b6b2afbcb1e Downloading [==================================>                ]  1.128MB/1.627MB
 4b6b2afbcb1e Downloading [===================================>               ]  1.144MB/1.627MB
 b6f5e3b9dbcf Downloading [==>                                                ]    983kB/23.76MB
 4b6b2afbcb1e Downloading [===================================>               ]  1.161MB/1.627MB
 4b6b2afbcb1e Downloading [====================================>              ]  1.177MB/1.627MB
 4b6b2afbcb1e Downloading [====================================>              ]  1.193MB/1.627MB
 b6f5e3b9dbcf Downloading [==>                                                ]  1.229MB/23.76MB
 4b6b2afbcb1e Downloading [=====================================>             ]   1.21MB/1.627MB
 4b6b2afbcb1e Downloading [=====================================>             ]  1.226MB/1.627MB
 b6f5e3b9dbcf Downloading [===>                                               ]  1.475MB/23.76MB
 4b6b2afbcb1e Downloading [======================================>            ]  1.243MB/1.627MB
 b6f5e3b9dbcf Downloading [===>                                               ]   1.72MB/23.76MB
 b6f5e3b9dbcf Downloading [====>                                              ]   1.96MB/23.76MB
 4b6b2afbcb1e Downloading [======================================>            ]  1.259MB/1.627MB
 b6f5e3b9dbcf Downloading [====>                                              ]  2.199MB/23.76MB
 b6f5e3b9dbcf Downloading [=====>                                             ]  2.439MB/23.76MB
 4b6b2afbcb1e Downloading [=======================================>           ]  1.275MB/1.627MB
 b6f5e3b9dbcf Downloading [=====>                                             ]  2.684MB/23.76MB
 4b6b2afbcb1e Downloading [=======================================>           ]  1.292MB/1.627MB
 b6f5e3b9dbcf Downloading [======>                                            ]  2.934MB/23.76MB
 4b6b2afbcb1e Downloading [========================================>          ]  1.308MB/1.627MB
 b6f5e3b9dbcf Downloading [======>                                            ]   3.18MB/23.76MB
 b6f5e3b9dbcf Downloading [=======>                                           ]  3.425MB/23.76MB
 4b6b2afbcb1e Downloading [========================================>          ]  1.324MB/1.627MB
 b6f5e3b9dbcf Downloading [=======>                                           ]  3.671MB/23.76MB
 b6f5e3b9dbcf Downloading [========>                                          ]  3.917MB/23.76MB
 4b6b2afbcb1e Downloading [=========================================>         ]  1.341MB/1.627MB
 b6f5e3b9dbcf Downloading [========>                                          ]  4.159MB/23.76MB
 b6f5e3b9dbcf Downloading [=========>                                         ]  4.405MB/23.76MB
 b6f5e3b9dbcf Downloading [=========>                                         ]   4.65MB/23.76MB
 b6f5e3b9dbcf Downloading [==========>                                        ]  4.894MB/23.76MB
 4b6b2afbcb1e Downloading [=========================================>         ]  1.357MB/1.627MB
 b6f5e3b9dbcf Downloading [==========>                                        ]  5.139MB/23.76MB
 b6f5e3b9dbcf Downloading [===========>                                       ]  5.385MB/23.76MB
 b6f5e3b9dbcf Downloading [===========>                                       ]  5.631MB/23.76MB
 b6f5e3b9dbcf Downloading [============>                                      ]  5.877MB/23.76MB
 b6f5e3b9dbcf Downloading [============>                                      ]  6.122MB/23.76MB
 4b6b2afbcb1e Downloading [==========================================>        ]  1.374MB/1.627MB
 b6f5e3b9dbcf Downloading [=============>                                     ]  6.368MB/23.76MB
 b6f5e3b9dbcf Downloading [=============>                                     ]  6.609MB/23.76MB
 b6f5e3b9dbcf Downloading [==============>                                    ]  6.855MB/23.76MB
 b6f5e3b9dbcf Downloading [==============>                                    ]    7.1MB/23.76MB
 4b6b2afbcb1e Downloading [==========================================>        ]   1.39MB/1.627MB
 b6f5e3b9dbcf Downloading [===============>                                   ]  7.592MB/23.76MB
 b6f5e3b9dbcf Downloading [=================>                                 ]  8.083MB/23.76MB
 b6f5e3b9dbcf Downloading [==================>                                ]  8.575MB/23.76MB
 b6f5e3b9dbcf Downloading [===================>                               ]  9.067MB/23.76MB
 b6f5e3b9dbcf Downloading [====================>                              ]  9.552MB/23.76MB
 4b6b2afbcb1e Downloading [===========================================>       ]  1.406MB/1.627MB
 b6f5e3b9dbcf Downloading [=====================>                             ]  10.04MB/23.76MB
 b6f5e3b9dbcf Downloading [======================>                            ]  10.53MB/23.76MB
 4b6b2afbcb1e Downloading [===========================================>       ]  1.423MB/1.627MB
 b6f5e3b9dbcf Downloading [=======================>                           ]  11.03MB/23.76MB
 b6f5e3b9dbcf Downloading [========================>                          ]  11.52MB/23.76MB
 b6f5e3b9dbcf Downloading [=========================>                         ]  12.01MB/23.76MB
 b6f5e3b9dbcf Downloading [==========================>                        ]   12.5MB/23.76MB
 4b6b2afbcb1e Downloading [============================================>      ]  1.439MB/1.627MB
 b6f5e3b9dbcf Downloading [===========================>                       ]  12.99MB/23.76MB
 b6f5e3b9dbcf Downloading [============================>                      ]  13.48MB/23.76MB
 b6f5e3b9dbcf Downloading [=============================>                     ]  13.98MB/23.76MB
 b6f5e3b9dbcf Downloading [==============================>                    ]  14.46MB/23.76MB
 4b6b2afbcb1e Downloading [============================================>      ]  1.456MB/1.627MB
 b6f5e3b9dbcf Downloading [===============================>                   ]  14.95MB/23.76MB
 b6f5e3b9dbcf Downloading [================================>                  ]  15.45MB/23.76MB
 4b6b2afbcb1e Downloading [=============================================>     ]  1.472MB/1.627MB
 b6f5e3b9dbcf Downloading [=================================>                 ]  15.94MB/23.76MB
 b6f5e3b9dbcf Downloading [===================================>               ]  16.67MB/23.76MB
 b6f5e3b9dbcf Downloading [====================================>              ]  17.16MB/23.76MB
 b6f5e3b9dbcf Downloading [=====================================>             ]   17.9MB/23.76MB
 4b6b2afbcb1e Downloading [=============================================>     ]  1.488MB/1.627MB
 b6f5e3b9dbcf Downloading [=======================================>           ]  18.64MB/23.76MB
 b6f5e3b9dbcf Downloading [========================================>          ]  19.13MB/23.76MB
 b6f5e3b9dbcf Downloading [=========================================>         ]  19.86MB/23.76MB
 4b6b2afbcb1e Downloading [==============================================>    ]  1.505MB/1.627MB
 b6f5e3b9dbcf Downloading [===========================================>       ]  20.59MB/23.76MB
 b6f5e3b9dbcf Downloading [============================================>      ]  21.09MB/23.76MB
 b6f5e3b9dbcf Downloading [=============================================>     ]  21.82MB/23.76MB
 4b6b2afbcb1e Downloading [==============================================>    ]  1.521MB/1.627MB
 b6f5e3b9dbcf Downloading [===============================================>   ]  22.56MB/23.76MB
 b6f5e3b9dbcf Downloading [=================================================> ]   23.3MB/23.76MB
 b6f5e3b9dbcf Verifying Checksum 
 b6f5e3b9dbcf Download complete 
 4b6b2afbcb1e Downloading [===============================================>   ]  1.537MB/1.627MB
 4b6b2afbcb1e Downloading [===============================================>   ]  1.554MB/1.627MB
 4b6b2afbcb1e Downloading [================================================>  ]   1.57MB/1.627MB
 4b6b2afbcb1e Downloading [================================================>  ]  1.587MB/1.627MB
 4b6b2afbcb1e Downloading [=================================================> ]  1.603MB/1.627MB
 4b6b2afbcb1e Downloading [=================================================> ]  1.619MB/1.627MB
 4b6b2afbcb1e Verifying Checksum 
 4b6b2afbcb1e Download complete 
 7a6c8d51abdb Downloading [====>                                              ]  1.378kB/16.89kB
 7a6c8d51abdb Downloading [========================>                          ]  8.268kB/16.89kB
 7a6c8d51abdb Downloading [=================================================> ]  16.67kB/16.89kB
 7a6c8d51abdb Downloading [==================================================>]  16.89kB/16.89kB
 7a6c8d51abdb Verifying Checksum 
 7a6c8d51abdb Download complete 
 01de82d651a8 Downloading [===>                                               ]  1.378kB/20.19kB
 01de82d651a8 Downloading [====================>                              ]  8.268kB/20.19kB
 01de82d651a8 Downloading [=====================================>             ]  15.16kB/20.19kB
 01de82d651a8 Downloading [==================================================>]  20.19kB/20.19kB
 01de82d651a8 Verifying Checksum 
 01de82d651a8 Download complete 
 6ec7f4e699d7 Retrying in 5 seconds 
 6ec7f4e699d7 Retrying in 4 seconds 
 6ec7f4e699d7 Retrying in 3 seconds 
 6ec7f4e699d7 Retrying in 2 seconds 
 6ec7f4e699d7 Retrying in 1 second 
 6ec7f4e699d7 Downloading [>                                                  ]   6.89kB/687.1kB
 6ec7f4e699d7 Downloading [=>                                                 ]  14.18kB/687.1kB
 6ec7f4e699d7 Downloading [==>                                                ]  29.19kB/687.1kB
 6ec7f4e699d7 Downloading [==>                                                ]  36.08kB/687.1kB
 6ec7f4e699d7 Downloading [===>                                               ]  51.08kB/687.1kB
 6ec7f4e699d7 Downloading [=====>                                             ]  75.58kB/687.1kB
 6ec7f4e699d7 Downloading [======>                                            ]  91.97kB/687.1kB
 6ec7f4e699d7 Downloading [=======>                                           ]  108.4kB/687.1kB
 6ec7f4e699d7 Downloading [=========>                                         ]  124.7kB/687.1kB
 6ec7f4e699d7 Downloading [==========>                                        ]  141.1kB/687.1kB
 6ec7f4e699d7 Downloading [===========>                                       ]  157.5kB/687.1kB
 6ec7f4e699d7 Downloading [============>                                      ]  173.9kB/687.1kB
 6ec7f4e699d7 Downloading [===============>                                   ]  206.7kB/687.1kB
 6ec7f4e699d7 Downloading [================>                                  ]    223kB/687.1kB
 6ec7f4e699d7 Downloading [=================>                                 ]  239.4kB/687.1kB
 6ec7f4e699d7 Downloading [==================>                                ]  255.8kB/687.1kB
 6ec7f4e699d7 Downloading [=====================>                             ]  288.6kB/687.1kB
 6ec7f4e699d7 Downloading [======================>                            ]    305kB/687.1kB
 6ec7f4e699d7 Downloading [=======================>                           ]  321.3kB/687.1kB
 6ec7f4e699d7 Downloading [========================>                          ]  337.7kB/687.1kB
 6ec7f4e699d7 Downloading [=========================>                         ]  354.1kB/687.1kB
 6ec7f4e699d7 Downloading [==========================>                        ]  370.5kB/687.1kB
 6ec7f4e699d7 Downloading [============================>                      ]  386.9kB/687.1kB
 6ec7f4e699d7 Downloading [=============================>                     ]  403.3kB/687.1kB
 6ec7f4e699d7 Downloading [===============================>                   ]    436kB/687.1kB
 6ec7f4e699d7 Downloading [==================================>                ]  468.8kB/687.1kB
 6ec7f4e699d7 Downloading [===================================>               ]  485.2kB/687.1kB
 6ec7f4e699d7 Downloading [====================================>              ]  501.6kB/687.1kB
 6ec7f4e699d7 Downloading [=====================================>             ]    518kB/687.1kB
 6ec7f4e699d7 Downloading [=======================================>           ]  548.1kB/687.1kB
 6ec7f4e699d7 Downloading [=========================================>         ]  564.5kB/687.1kB
 6ec7f4e699d7 Downloading [==========================================>        ]  580.9kB/687.1kB
 6ec7f4e699d7 Downloading [===========================================>       ]  597.2kB/687.1kB
 6ec7f4e699d7 Downloading [============================================>      ]  613.6kB/687.1kB
 6ec7f4e699d7 Downloading [=============================================>     ]    630kB/687.1kB
 6ec7f4e699d7 Downloading [===============================================>   ]  646.4kB/687.1kB
 6ec7f4e699d7 Downloading [================================================>  ]  662.8kB/687.1kB
 6ec7f4e699d7 Downloading [=================================================> ]  679.2kB/687.1kB
 6ec7f4e699d7 Downloading [==================================================>]  687.1kB/687.1kB
 6ec7f4e699d7 Download complete 
 6ec7f4e699d7 Extracting [=>                                                 ]  32.77kB/1.293MB
 6ec7f4e699d7 Extracting [==================================>                ]  884.7kB/1.293MB
 6ec7f4e699d7 Extracting [==================================================>]  1.293MB/1.293MB
 6ec7f4e699d7 Extracting [==================================================>]  1.293MB/1.293MB
 6ec7f4e699d7 Pull complete 
 4b6b2afbcb1e Extracting [>                                                  ]  131.1kB/12.11MB
 4b6b2afbcb1e Extracting [====>                                              ]  1.049MB/12.11MB
 4b6b2afbcb1e Extracting [===============>                                   ]  3.801MB/12.11MB
 4b6b2afbcb1e Extracting [==========================>                        ]  6.423MB/12.11MB
 4b6b2afbcb1e Extracting [=====================================>             ]  9.044MB/12.11MB
 4b6b2afbcb1e Extracting [==========================================>        ]  10.35MB/12.11MB
 4b6b2afbcb1e Extracting [=============================================>     ]  11.14MB/12.11MB
 4b6b2afbcb1e Extracting [==================================================>]  12.11MB/12.11MB
 4b6b2afbcb1e Pull complete 
 6dc8148c4b61 Extracting [==================================================>]     249B/249B
 6dc8148c4b61 Extracting [==================================================>]     249B/249B
 6dc8148c4b61 Pull complete 
 91af73cfb28f Extracting [==================================================>]      93B/93B
 91af73cfb28f Extracting [==================================================>]      93B/93B
 91af73cfb28f Pull complete 
 b6f5e3b9dbcf Extracting [>                                                  ]  262.1kB/24.91MB
 b6f5e3b9dbcf Extracting [=====>                                             ]  2.621MB/24.91MB
 b6f5e3b9dbcf Extracting [=======>                                           ]  3.932MB/24.91MB
 b6f5e3b9dbcf Extracting [==========>                                        ]  5.243MB/24.91MB
 b6f5e3b9dbcf Extracting [=================>                                 ]  8.913MB/24.91MB
 b6f5e3b9dbcf Extracting [=======================>                           ]   11.8MB/24.91MB
 b6f5e3b9dbcf Extracting [============================>                      ]  14.16MB/24.91MB
 b6f5e3b9dbcf Extracting [================================>                  ]  16.25MB/24.91MB
 b6f5e3b9dbcf Extracting [=====================================>             ]  18.61MB/24.91MB
 b6f5e3b9dbcf Extracting [============================================>      ]  22.28MB/24.91MB
 b6f5e3b9dbcf Extracting [=================================================> ]   24.9MB/24.91MB
 b6f5e3b9dbcf Extracting [==================================================>]  24.91MB/24.91MB
 b6f5e3b9dbcf Pull complete 
 7a6c8d51abdb Extracting [==================================================>]  16.89kB/16.89kB
 7a6c8d51abdb Extracting [==================================================>]  16.89kB/16.89kB
 7a6c8d51abdb Pull complete 
 01de82d651a8 Extracting [==================================================>]  20.19kB/20.19kB
 01de82d651a8 Pull complete 
 backend Pulled 
 Network footprint_default  Creating
 Network footprint_default  Error
 Container footprint-backend-1  Creating
 Container footprint-backend-1  Error response from daemon: Conflict. The container name "/footprint-backend-1" is already in use by container "35c321ff94d1f1bede13bde6b513bd782c1cf1f522f916749b8ff48037fc3a54". You have to remove (or rename) that container to be able to reuse that name.
Error response from daemon: Conflict. The container name "/footprint-backend-1" is already in use by container "35c321ff94d1f1bede13bde6b513bd782c1cf1f522f916749b8ff48037fc3a54". You have to remove (or rename) that container to be able to reuse that name.
